2023-09-03 00:21:16,279   INFO  **********************Start logging**********************
2023-09-03 00:21:16,279   INFO  CUDA_VISIBLE_DEVICES=ALL
2023-09-03 00:21:16,279   INFO  Training in distributed mode : total_batch_size: 6
2023-09-03 00:21:16,279   INFO  cfg_file         cfgs/kitti_models/second.yaml
2023-09-03 00:21:16,279   INFO  batch_size       2
2023-09-03 00:21:16,279   INFO  epochs           80
2023-09-03 00:21:16,279   INFO  workers          4
2023-09-03 00:21:16,279   INFO  extra_tag        default
2023-09-03 00:21:16,279   INFO  ckpt             None
2023-09-03 00:21:16,279   INFO  pretrained_model None
2023-09-03 00:21:16,279   INFO  launcher         pytorch
2023-09-03 00:21:16,279   INFO  tcp_port         18888
2023-09-03 00:21:16,279   INFO  sync_bn          False
2023-09-03 00:21:16,280   INFO  fix_random_seed  False
2023-09-03 00:21:16,280   INFO  ckpt_save_interval 1
2023-09-03 00:21:16,280   INFO  local_rank       0
2023-09-03 00:21:16,280   INFO  max_ckpt_save_num 30
2023-09-03 00:21:16,280   INFO  merge_all_iters_to_one_epoch False
2023-09-03 00:21:16,280   INFO  set_cfgs         None
2023-09-03 00:21:16,280   INFO  max_waiting_mins 0
2023-09-03 00:21:16,280   INFO  start_epoch      0
2023-09-03 00:21:16,280   INFO  num_epochs_to_eval 0
2023-09-03 00:21:16,280   INFO  save_to_file     False
2023-09-03 00:21:16,280   INFO  use_tqdm_to_record False
2023-09-03 00:21:16,280   INFO  logger_iter_interval 50
2023-09-03 00:21:16,280   INFO  ckpt_save_time_interval 300
2023-09-03 00:21:16,280   INFO  wo_gpu_stat      False
2023-09-03 00:21:16,280   INFO  use_amp          False
2023-09-03 00:21:16,280   INFO  cfg.ROOT_DIR: /home/uqjmeng4/new_open/OpenPCDet
2023-09-03 00:21:16,280   INFO  cfg.LOCAL_RANK: 0
2023-09-03 00:21:16,280   INFO  cfg.CLASS_NAMES: ['Car', 'Pedestrian', 'Cyclist']
2023-09-03 00:21:16,280   INFO  ----------- DATA_CONFIG -----------
2023-09-03 00:21:16,281   INFO  cfg.DATA_CONFIG.DATASET: KittiDataset
2023-09-03 00:21:16,281   INFO  cfg.DATA_CONFIG.DATA_PATH: ../data/kitti
2023-09-03 00:21:16,281   INFO  cfg.DATA_CONFIG.POINT_CLOUD_RANGE: [0, -40, -3, 70.4, 40, 1]
2023-09-03 00:21:16,281   INFO  ----------- DATA_SPLIT -----------
2023-09-03 00:21:16,281   INFO  cfg.DATA_CONFIG.DATA_SPLIT.train: train
2023-09-03 00:21:16,281   INFO  cfg.DATA_CONFIG.DATA_SPLIT.test: val
2023-09-03 00:21:16,281   INFO  ----------- INFO_PATH -----------
2023-09-03 00:21:16,281   INFO  cfg.DATA_CONFIG.INFO_PATH.train: ['kitti_infos_train.pkl']
2023-09-03 00:21:16,281   INFO  cfg.DATA_CONFIG.INFO_PATH.test: ['kitti_infos_val.pkl']
2023-09-03 00:21:16,281   INFO  cfg.DATA_CONFIG.GET_ITEM_LIST: ['points']
2023-09-03 00:21:16,281   INFO  cfg.DATA_CONFIG.FOV_POINTS_ONLY: True
2023-09-03 00:21:16,281   INFO  ----------- DATA_AUGMENTOR -----------
2023-09-03 00:21:16,281   INFO  cfg.DATA_CONFIG.DATA_AUGMENTOR.DISABLE_AUG_LIST: ['placeholder']
2023-09-03 00:21:16,281   INFO  cfg.DATA_CONFIG.DATA_AUGMENTOR.AUG_CONFIG_LIST: [{'NAME': 'gt_sampling', 'USE_ROAD_PLANE': True, 'DB_INFO_PATH': ['kitti_dbinfos_train.pkl'], 'PREPARE': {'filter_by_min_points': ['Car:5', 'Pedestrian:5', 'Cyclist:5'], 'filter_by_difficulty': [-1]}, 'SAMPLE_GROUPS': ['Car:20', 'Pedestrian:15', 'Cyclist:15'], 'NUM_POINT_FEATURES': 4, 'DATABASE_WITH_FAKELIDAR': False, 'REMOVE_EXTRA_WIDTH': [0.0, 0.0, 0.0], 'LIMIT_WHOLE_SCENE': True}, {'NAME': 'random_world_flip', 'ALONG_AXIS_LIST': ['x']}, {'NAME': 'random_world_rotation', 'WORLD_ROT_ANGLE': [-0.78539816, 0.78539816]}, {'NAME': 'random_world_scaling', 'WORLD_SCALE_RANGE': [0.95, 1.05]}]
2023-09-03 00:21:16,281   INFO  ----------- POINT_FEATURE_ENCODING -----------
2023-09-03 00:21:16,281   INFO  cfg.DATA_CONFIG.POINT_FEATURE_ENCODING.encoding_type: absolute_coordinates_encoding
2023-09-03 00:21:16,281   INFO  cfg.DATA_CONFIG.POINT_FEATURE_ENCODING.used_feature_list: ['x', 'y', 'z', 'intensity']
2023-09-03 00:21:16,282   INFO  cfg.DATA_CONFIG.POINT_FEATURE_ENCODING.src_feature_list: ['x', 'y', 'z', 'intensity']
2023-09-03 00:21:16,282   INFO  cfg.DATA_CONFIG.DATA_PROCESSOR: [{'NAME': 'mask_points_and_boxes_outside_range', 'REMOVE_OUTSIDE_BOXES': True}, {'NAME': 'shuffle_points', 'SHUFFLE_ENABLED': {'train': True, 'test': False}}, {'NAME': 'transform_points_to_voxels', 'VOXEL_SIZE': [0.05, 0.05, 0.1], 'MAX_POINTS_PER_VOXEL': 5, 'MAX_NUMBER_OF_VOXELS': {'train': 16000, 'test': 40000}}]
2023-09-03 00:21:16,282   INFO  cfg.DATA_CONFIG._BASE_CONFIG_: cfgs/dataset_configs/kitti_dataset.yaml
2023-09-03 00:21:16,282   INFO  ----------- MODEL -----------
2023-09-03 00:21:16,282   INFO  cfg.MODEL.NAME: SECONDNet
2023-09-03 00:21:16,282   INFO  ----------- VFE -----------
2023-09-03 00:21:16,282   INFO  cfg.MODEL.VFE.NAME: MeanVFE
2023-09-03 00:21:16,282   INFO  ----------- BACKBONE_3D -----------
2023-09-03 00:21:16,282   INFO  cfg.MODEL.BACKBONE_3D.NAME: VoxelBackBone8x
2023-09-03 00:21:16,282   INFO  ----------- MAP_TO_BEV -----------
2023-09-03 00:21:16,282   INFO  cfg.MODEL.MAP_TO_BEV.NAME: HeightCompression
2023-09-03 00:21:16,282   INFO  cfg.MODEL.MAP_TO_BEV.NUM_BEV_FEATURES: 256
2023-09-03 00:21:16,282   INFO  ----------- BACKBONE_2D -----------
2023-09-03 00:21:16,282   INFO  cfg.MODEL.BACKBONE_2D.NAME: BaseBEVBackbone
2023-09-03 00:21:16,282   INFO  cfg.MODEL.BACKBONE_2D.LAYER_NUMS: [5, 5]
2023-09-03 00:21:16,282   INFO  cfg.MODEL.BACKBONE_2D.LAYER_STRIDES: [1, 2]
2023-09-03 00:21:16,282   INFO  cfg.MODEL.BACKBONE_2D.NUM_FILTERS: [128, 256]
2023-09-03 00:21:16,282   INFO  cfg.MODEL.BACKBONE_2D.UPSAMPLE_STRIDES: [1, 2]
2023-09-03 00:21:16,283   INFO  cfg.MODEL.BACKBONE_2D.NUM_UPSAMPLE_FILTERS: [256, 256]
2023-09-03 00:21:16,283   INFO  ----------- DENSE_HEAD -----------
2023-09-03 00:21:16,283   INFO  cfg.MODEL.DENSE_HEAD.NAME: AnchorHeadSingle
2023-09-03 00:21:16,283   INFO  cfg.MODEL.DENSE_HEAD.CLASS_AGNOSTIC: False
2023-09-03 00:21:16,283   INFO  cfg.MODEL.DENSE_HEAD.USE_DIRECTION_CLASSIFIER: True
2023-09-03 00:21:16,283   INFO  cfg.MODEL.DENSE_HEAD.DIR_OFFSET: 0.78539
2023-09-03 00:21:16,283   INFO  cfg.MODEL.DENSE_HEAD.DIR_LIMIT_OFFSET: 0.0
2023-09-03 00:21:16,283   INFO  cfg.MODEL.DENSE_HEAD.NUM_DIR_BINS: 2
2023-09-03 00:21:16,283   INFO  cfg.MODEL.DENSE_HEAD.ANCHOR_GENERATOR_CONFIG: [{'class_name': 'Car', 'anchor_sizes': [[3.9, 1.6, 1.56]], 'anchor_rotations': [0, 1.57], 'anchor_bottom_heights': [-1.78], 'align_center': False, 'feature_map_stride': 8, 'matched_threshold': 0.6, 'unmatched_threshold': 0.45}, {'class_name': 'Pedestrian', 'anchor_sizes': [[0.8, 0.6, 1.73]], 'anchor_rotations': [0, 1.57], 'anchor_bottom_heights': [-0.6], 'align_center': False, 'feature_map_stride': 8, 'matched_threshold': 0.5, 'unmatched_threshold': 0.35}, {'class_name': 'Cyclist', 'anchor_sizes': [[1.76, 0.6, 1.73]], 'anchor_rotations': [0, 1.57], 'anchor_bottom_heights': [-0.6], 'align_center': False, 'feature_map_stride': 8, 'matched_threshold': 0.5, 'unmatched_threshold': 0.35}]
2023-09-03 00:21:16,283   INFO  ----------- TARGET_ASSIGNER_CONFIG -----------
2023-09-03 00:21:16,283   INFO  cfg.MODEL.DENSE_HEAD.TARGET_ASSIGNER_CONFIG.NAME: AxisAlignedTargetAssigner
2023-09-03 00:21:16,283   INFO  cfg.MODEL.DENSE_HEAD.TARGET_ASSIGNER_CONFIG.POS_FRACTION: -1.0
2023-09-03 00:21:16,283   INFO  cfg.MODEL.DENSE_HEAD.TARGET_ASSIGNER_CONFIG.SAMPLE_SIZE: 512
2023-09-03 00:21:16,283   INFO  cfg.MODEL.DENSE_HEAD.TARGET_ASSIGNER_CONFIG.NORM_BY_NUM_EXAMPLES: False
2023-09-03 00:21:16,283   INFO  cfg.MODEL.DENSE_HEAD.TARGET_ASSIGNER_CONFIG.MATCH_HEIGHT: False
2023-09-03 00:21:16,283   INFO  cfg.MODEL.DENSE_HEAD.TARGET_ASSIGNER_CONFIG.BOX_CODER: ResidualCoder
2023-09-03 00:21:16,283   INFO  ----------- LOSS_CONFIG -----------
2023-09-03 00:21:16,283   INFO  ----------- LOSS_WEIGHTS -----------
2023-09-03 00:21:16,284   INFO  cfg.MODEL.DENSE_HEAD.LOSS_CONFIG.LOSS_WEIGHTS.cls_weight: 1.0
2023-09-03 00:21:16,284   INFO  cfg.MODEL.DENSE_HEAD.LOSS_CONFIG.LOSS_WEIGHTS.loc_weight: 2.0
2023-09-03 00:21:16,284   INFO  cfg.MODEL.DENSE_HEAD.LOSS_CONFIG.LOSS_WEIGHTS.dir_weight: 0.2
2023-09-03 00:21:16,284   INFO  cfg.MODEL.DENSE_HEAD.LOSS_CONFIG.LOSS_WEIGHTS.code_weights: [1.0, 1.0, 1.0, 1.0, 1.0, 1.0, 1.0]
2023-09-03 00:21:16,284   INFO  ----------- POST_PROCESSING -----------
2023-09-03 00:21:16,284   INFO  cfg.MODEL.POST_PROCESSING.RECALL_THRESH_LIST: [0.3, 0.5, 0.7]
2023-09-03 00:21:16,284   INFO  cfg.MODEL.POST_PROCESSING.SCORE_THRESH: 0.1
2023-09-03 00:21:16,284   INFO  cfg.MODEL.POST_PROCESSING.OUTPUT_RAW_SCORE: False
2023-09-03 00:21:16,284   INFO  cfg.MODEL.POST_PROCESSING.EVAL_METRIC: kitti
2023-09-03 00:21:16,284   INFO  ----------- NMS_CONFIG -----------
2023-09-03 00:21:16,284   INFO  cfg.MODEL.POST_PROCESSING.NMS_CONFIG.MULTI_CLASSES_NMS: False
2023-09-03 00:21:16,284   INFO  cfg.MODEL.POST_PROCESSING.NMS_CONFIG.NMS_TYPE: nms_gpu
2023-09-03 00:21:16,284   INFO  cfg.MODEL.POST_PROCESSING.NMS_CONFIG.NMS_THRESH: 0.01
2023-09-03 00:21:16,284   INFO  cfg.MODEL.POST_PROCESSING.NMS_CONFIG.NMS_PRE_MAXSIZE: 4096
2023-09-03 00:21:16,284   INFO  cfg.MODEL.POST_PROCESSING.NMS_CONFIG.NMS_POST_MAXSIZE: 500
2023-09-03 00:21:16,284   INFO  ----------- OPTIMIZATION -----------
2023-09-03 00:21:16,284   INFO  cfg.OPTIMIZATION.BATCH_SIZE_PER_GPU: 4
2023-09-03 00:21:16,284   INFO  cfg.OPTIMIZATION.NUM_EPOCHS: 80
2023-09-03 00:21:16,285   INFO  cfg.OPTIMIZATION.OPTIMIZER: adam_onecycle
2023-09-03 00:21:16,285   INFO  cfg.OPTIMIZATION.LR: 0.003
2023-09-03 00:21:16,285   INFO  cfg.OPTIMIZATION.WEIGHT_DECAY: 0.01
2023-09-03 00:21:16,285   INFO  cfg.OPTIMIZATION.MOMENTUM: 0.9
2023-09-03 00:21:16,285   INFO  cfg.OPTIMIZATION.MOMS: [0.95, 0.85]
2023-09-03 00:21:16,285   INFO  cfg.OPTIMIZATION.PCT_START: 0.4
2023-09-03 00:21:16,285   INFO  cfg.OPTIMIZATION.DIV_FACTOR: 10
2023-09-03 00:21:16,285   INFO  cfg.OPTIMIZATION.DECAY_STEP_LIST: [35, 45]
2023-09-03 00:21:16,285   INFO  cfg.OPTIMIZATION.LR_DECAY: 0.1
2023-09-03 00:21:16,285   INFO  cfg.OPTIMIZATION.LR_CLIP: 1e-07
2023-09-03 00:21:16,285   INFO  cfg.OPTIMIZATION.LR_WARMUP: False
2023-09-03 00:21:16,285   INFO  cfg.OPTIMIZATION.WARMUP_EPOCH: 1
2023-09-03 00:21:16,285   INFO  cfg.OPTIMIZATION.GRAD_NORM_CLIP: 10
2023-09-03 00:21:16,285   INFO  cfg.TAG: second
2023-09-03 00:21:16,285   INFO  cfg.EXP_GROUP_PATH: kitti_models
2023-09-03 00:21:16,330   INFO  ----------- Create dataloader & network & optimizer -----------
2023-09-03 00:21:16,525   INFO  Database filter by min points Car: 14357 => 13532
2023-09-03 00:21:16,525   INFO  Database filter by min points Pedestrian: 2207 => 2168
2023-09-03 00:21:16,525   INFO  Database filter by min points Cyclist: 734 => 705
2023-09-03 00:21:16,542   INFO  Database filter by difficulty Car: 13532 => 10759
2023-09-03 00:21:16,545   INFO  Database filter by difficulty Pedestrian: 2168 => 2075
2023-09-03 00:21:16,545   INFO  Database filter by difficulty Cyclist: 705 => 581
2023-09-03 00:21:16,551   INFO  Loading KITTI dataset
2023-09-03 00:21:16,642   INFO  Total samples for KITTI dataset: 3712
2023-09-03 00:21:18,556   INFO  ----------- Model SECONDNet created, param count: 5325576 -----------
2023-09-03 00:21:18,556   INFO  DistributedDataParallel(
  (module): SECONDNet(
    (vfe): MeanVFE()
    (backbone_3d): VoxelBackBone8x(
      (conv_input): SparseSequential(
        (0): SubMConv3d(4, 16, kernel_size=[3, 3, 3], stride=[1, 1, 1], padding=[1, 1, 1], dilation=[1, 1, 1], output_padding=[0, 0, 0], bias=False, algo=ConvAlgo.MaskImplicitGemm)
        (1): BatchNorm1d(16, eps=0.001, momentum=0.01, affine=True, track_running_stats=True)
        (2): ReLU()
      )
      (conv1): SparseSequential(
        (0): SparseSequential(
          (0): SubMConv3d(16, 16, kernel_size=[3, 3, 3], stride=[1, 1, 1], padding=[0, 0, 0], dilation=[1, 1, 1], output_padding=[0, 0, 0], bias=False, algo=ConvAlgo.MaskImplicitGemm)
          (1): BatchNorm1d(16, eps=0.001, momentum=0.01, affine=True, track_running_stats=True)
          (2): ReLU()
        )
      )
      (conv2): SparseSequential(
        (0): SparseSequential(
          (0): SparseConv3d(16, 32, kernel_size=[3, 3, 3], stride=[2, 2, 2], padding=[1, 1, 1], dilation=[1, 1, 1], output_padding=[0, 0, 0], bias=False, algo=ConvAlgo.MaskImplicitGemm)
          (1): BatchNorm1d(32, eps=0.001, momentum=0.01, affine=True, track_running_stats=True)
          (2): ReLU()
        )
        (1): SparseSequential(
          (0): SubMConv3d(32, 32, kernel_size=[3, 3, 3], stride=[1, 1, 1], padding=[0, 0, 0], dilation=[1, 1, 1], output_padding=[0, 0, 0], bias=False, algo=ConvAlgo.MaskImplicitGemm)
          (1): BatchNorm1d(32, eps=0.001, momentum=0.01, affine=True, track_running_stats=True)
          (2): ReLU()
        )
        (2): SparseSequential(
          (0): SubMConv3d(32, 32, kernel_size=[3, 3, 3], stride=[1, 1, 1], padding=[0, 0, 0], dilation=[1, 1, 1], output_padding=[0, 0, 0], bias=False, algo=ConvAlgo.MaskImplicitGemm)
          (1): BatchNorm1d(32, eps=0.001, momentum=0.01, affine=True, track_running_stats=True)
          (2): ReLU()
        )
      )
      (conv3): SparseSequential(
        (0): SparseSequential(
          (0): SparseConv3d(32, 64, kernel_size=[3, 3, 3], stride=[2, 2, 2], padding=[1, 1, 1], dilation=[1, 1, 1], output_padding=[0, 0, 0], bias=False, algo=ConvAlgo.MaskImplicitGemm)
          (1): BatchNorm1d(64, eps=0.001, momentum=0.01, affine=True, track_running_stats=True)
          (2): ReLU()
        )
        (1): SparseSequential(
          (0): SubMConv3d(64, 64, kernel_size=[3, 3, 3], stride=[1, 1, 1], padding=[0, 0, 0], dilation=[1, 1, 1], output_padding=[0, 0, 0], bias=False, algo=ConvAlgo.MaskImplicitGemm)
          (1): BatchNorm1d(64, eps=0.001, momentum=0.01, affine=True, track_running_stats=True)
          (2): ReLU()
        )
        (2): SparseSequential(
          (0): SubMConv3d(64, 64, kernel_size=[3, 3, 3], stride=[1, 1, 1], padding=[0, 0, 0], dilation=[1, 1, 1], output_padding=[0, 0, 0], bias=False, algo=ConvAlgo.MaskImplicitGemm)
          (1): BatchNorm1d(64, eps=0.001, momentum=0.01, affine=True, track_running_stats=True)
          (2): ReLU()
        )
      )
      (conv4): SparseSequential(
        (0): SparseSequential(
          (0): SparseConv3d(64, 64, kernel_size=[3, 3, 3], stride=[2, 2, 2], padding=[0, 1, 1], dilation=[1, 1, 1], output_padding=[0, 0, 0], bias=False, algo=ConvAlgo.MaskImplicitGemm)
          (1): BatchNorm1d(64, eps=0.001, momentum=0.01, affine=True, track_running_stats=True)
          (2): ReLU()
        )
        (1): SparseSequential(
          (0): SubMConv3d(64, 64, kernel_size=[3, 3, 3], stride=[1, 1, 1], padding=[0, 0, 0], dilation=[1, 1, 1], output_padding=[0, 0, 0], bias=False, algo=ConvAlgo.MaskImplicitGemm)
          (1): BatchNorm1d(64, eps=0.001, momentum=0.01, affine=True, track_running_stats=True)
          (2): ReLU()
        )
        (2): SparseSequential(
          (0): SubMConv3d(64, 64, kernel_size=[3, 3, 3], stride=[1, 1, 1], padding=[0, 0, 0], dilation=[1, 1, 1], output_padding=[0, 0, 0], bias=False, algo=ConvAlgo.MaskImplicitGemm)
          (1): BatchNorm1d(64, eps=0.001, momentum=0.01, affine=True, track_running_stats=True)
          (2): ReLU()
        )
      )
      (conv_out): SparseSequential(
        (0): SparseConv3d(64, 128, kernel_size=[3, 1, 1], stride=[2, 1, 1], padding=[0, 0, 0], dilation=[1, 1, 1], output_padding=[0, 0, 0], bias=False, algo=ConvAlgo.MaskImplicitGemm)
        (1): BatchNorm1d(128, eps=0.001, momentum=0.01, affine=True, track_running_stats=True)
        (2): ReLU()
      )
    )
    (map_to_bev_module): HeightCompression()
    (pfe): None
    (backbone_2d): BaseBEVBackbone(
      (blocks): ModuleList(
        (0): Sequential(
          (0): ZeroPad2d((1, 1, 1, 1))
          (1): Conv2d(256, 128, kernel_size=(3, 3), stride=(1, 1), bias=False)
          (2): BatchNorm2d(128, eps=0.001, momentum=0.01, affine=True, track_running_stats=True)
          (3): ReLU()
          (4): Conv2d(128, 128, kernel_size=(3, 3), stride=(1, 1), padding=(1, 1), bias=False)
          (5): BatchNorm2d(128, eps=0.001, momentum=0.01, affine=True, track_running_stats=True)
          (6): ReLU()
          (7): Conv2d(128, 128, kernel_size=(3, 3), stride=(1, 1), padding=(1, 1), bias=False)
          (8): BatchNorm2d(128, eps=0.001, momentum=0.01, affine=True, track_running_stats=True)
          (9): ReLU()
          (10): Conv2d(128, 128, kernel_size=(3, 3), stride=(1, 1), padding=(1, 1), bias=False)
          (11): BatchNorm2d(128, eps=0.001, momentum=0.01, affine=True, track_running_stats=True)
          (12): ReLU()
          (13): Conv2d(128, 128, kernel_size=(3, 3), stride=(1, 1), padding=(1, 1), bias=False)
          (14): BatchNorm2d(128, eps=0.001, momentum=0.01, affine=True, track_running_stats=True)
          (15): ReLU()
          (16): Conv2d(128, 128, kernel_size=(3, 3), stride=(1, 1), padding=(1, 1), bias=False)
          (17): BatchNorm2d(128, eps=0.001, momentum=0.01, affine=True, track_running_stats=True)
          (18): ReLU()
        )
        (1): Sequential(
          (0): ZeroPad2d((1, 1, 1, 1))
          (1): Conv2d(128, 256, kernel_size=(3, 3), stride=(2, 2), bias=False)
          (2): BatchNorm2d(256, eps=0.001, momentum=0.01, affine=True, track_running_stats=True)
          (3): ReLU()
          (4): Conv2d(256, 256, kernel_size=(3, 3), stride=(1, 1), padding=(1, 1), bias=False)
          (5): BatchNorm2d(256, eps=0.001, momentum=0.01, affine=True, track_running_stats=True)
          (6): ReLU()
          (7): Conv2d(256, 256, kernel_size=(3, 3), stride=(1, 1), padding=(1, 1), bias=False)
          (8): BatchNorm2d(256, eps=0.001, momentum=0.01, affine=True, track_running_stats=True)
          (9): ReLU()
          (10): Conv2d(256, 256, kernel_size=(3, 3), stride=(1, 1), padding=(1, 1), bias=False)
          (11): BatchNorm2d(256, eps=0.001, momentum=0.01, affine=True, track_running_stats=True)
          (12): ReLU()
          (13): Conv2d(256, 256, kernel_size=(3, 3), stride=(1, 1), padding=(1, 1), bias=False)
          (14): BatchNorm2d(256, eps=0.001, momentum=0.01, affine=True, track_running_stats=True)
          (15): ReLU()
          (16): Conv2d(256, 256, kernel_size=(3, 3), stride=(1, 1), padding=(1, 1), bias=False)
          (17): BatchNorm2d(256, eps=0.001, momentum=0.01, affine=True, track_running_stats=True)
          (18): ReLU()
        )
      )
      (deblocks): ModuleList(
        (0): Sequential(
          (0): ConvTranspose2d(128, 256, kernel_size=(1, 1), stride=(1, 1), bias=False)
          (1): BatchNorm2d(256, eps=0.001, momentum=0.01, affine=True, track_running_stats=True)
          (2): ReLU()
        )
        (1): Sequential(
          (0): ConvTranspose2d(256, 256, kernel_size=(2, 2), stride=(2, 2), bias=False)
          (1): BatchNorm2d(256, eps=0.001, momentum=0.01, affine=True, track_running_stats=True)
          (2): ReLU()
        )
      )
    )
    (dense_head): AnchorHeadSingle(
      (cls_loss_func): SigmoidFocalClassificationLoss()
      (reg_loss_func): WeightedSmoothL1Loss()
      (dir_loss_func): WeightedCrossEntropyLoss()
      (conv_cls): Conv2d(512, 18, kernel_size=(1, 1), stride=(1, 1))
      (conv_box): Conv2d(512, 42, kernel_size=(1, 1), stride=(1, 1))
      (conv_dir_cls): Conv2d(512, 12, kernel_size=(1, 1), stride=(1, 1))
    )
    (point_head): None
    (roi_head): None
  )
)
2023-09-03 00:21:18,557   INFO  **********************Start training kitti_models/second(default)**********************
2023-09-03 00:22:15,779   INFO  Train:    1/80 (  1%) [   0/928 (  0%)]  Loss: 8.987 (8.99)  LR: 3.000e-04  Time cost: 00:06/1:37:36 [00:57/130:09:01]  Acc_iter 1           Data time: 0.91(0.91)  Forward time: 4.77(4.77)  Batch time: 5.68(5.68)
2023-09-03 00:22:22,071   INFO  Train:    1/80 (  1%) [  49/928 (  5%)]  Loss: 1.787 (2.22)  LR: 3.000e-04  Time cost: 00:12/03:41 [01:03/5:11:40]  Acc_iter 50          Data time: 0.02(0.03)  Forward time: 0.12(0.21)  Batch time: 0.13(0.24)
2023-09-03 00:22:28,479   INFO  Train:    1/80 (  1%) [  99/928 ( 11%)]  Loss: 1.465 (1.86)  LR: 3.001e-04  Time cost: 00:19/02:37 [01:09/3:54:55]  Acc_iter 100         Data time: 0.01(0.02)  Forward time: 0.12(0.17)  Batch time: 0.13(0.18)
2023-09-03 00:22:34,983   INFO  Train:    1/80 (  1%) [ 149/928 ( 16%)]  Loss: 1.697 (1.69)  LR: 3.002e-04  Time cost: 00:25/02:12 [01:16/3:30:02]  Acc_iter 150         Data time: 0.01(0.02)  Forward time: 0.12(0.15)  Batch time: 0.14(0.17)
2023-09-03 00:22:35,098   INFO  
2023-09-03 00:22:41,618   INFO  Train:    1/80 (  1%) [ 199/928 ( 21%)]  Loss: 1.130 (1.58)  LR: 3.003e-04  Time cost: 00:32/01:57 [01:23/3:18:22]  Acc_iter 200         Data time: 0.01(0.01)  Forward time: 0.13(0.14)  Batch time: 0.14(0.16)
2023-09-03 00:22:48,100   INFO  Train:    1/80 (  1%) [ 249/928 ( 27%)]  Loss: 1.386 (1.50)  LR: 3.005e-04  Time cost: 00:38/01:44 [01:29/3:10:33]  Acc_iter 250         Data time: 0.01(0.01)  Forward time: 0.11(0.14)  Batch time: 0.12(0.15)
2023-09-03 00:22:54,611   INFO  Train:    1/80 (  1%) [ 299/928 ( 32%)]  Loss: 1.031 (1.43)  LR: 3.007e-04  Time cost: 00:45/01:34 [01:36/3:05:26]  Acc_iter 300         Data time: 0.01(0.01)  Forward time: 0.12(0.14)  Batch time: 0.13(0.15)
2023-09-03 00:22:54,721   INFO  
2023-09-03 00:23:01,287   INFO  Train:    1/80 (  1%) [ 349/928 ( 38%)]  Loss: 1.389 (1.38)  LR: 3.009e-04  Time cost: 00:51/01:25 [01:42/3:02:19]  Acc_iter 350         Data time: 0.01(0.01)  Forward time: 0.13(0.13)  Batch time: 0.14(0.15)
2023-09-03 00:23:07,823   INFO  Train:    1/80 (  1%) [ 399/928 ( 43%)]  Loss: 1.146 (1.34)  LR: 3.012e-04  Time cost: 00:58/01:17 [01:49/2:59:32]  Acc_iter 400         Data time: 0.01(0.01)  Forward time: 0.12(0.13)  Batch time: 0.13(0.14)
2023-09-03 00:23:14,310   INFO  Train:    1/80 (  1%) [ 449/928 ( 48%)]  Loss: 1.005 (1.31)  LR: 3.015e-04  Time cost: 01:04/01:09 [01:55/2:57:12]  Acc_iter 450         Data time: 0.01(0.01)  Forward time: 0.12(0.13)  Batch time: 0.12(0.14)
2023-09-03 00:23:14,421   INFO  
2023-09-03 00:23:21,037   INFO  Train:    1/80 (  1%) [ 499/928 ( 54%)]  Loss: 0.9557 (1.27)  LR: 3.019e-04  Time cost: 01:11/01:01 [02:02/2:55:55]  Acc_iter 500         Data time: 0.01(0.01)  Forward time: 0.12(0.13)  Batch time: 0.13(0.14)
2023-09-03 00:23:27,613   INFO  Train:    1/80 (  1%) [ 549/928 ( 59%)]  Loss: 0.9963 (1.25)  LR: 3.023e-04  Time cost: 01:18/00:53 [02:09/2:54:30]  Acc_iter 550         Data time: 0.01(0.01)  Forward time: 0.12(0.13)  Batch time: 0.13(0.14)
2023-09-03 00:23:34,161   INFO  Train:    1/80 (  1%) [ 599/928 ( 65%)]  Loss: 1.005 (1.22)  LR: 3.027e-04  Time cost: 01:24/00:46 [02:15/2:53:14]  Acc_iter 600         Data time: 0.02(0.01)  Forward time: 0.13(0.13)  Batch time: 0.14(0.14)
2023-09-03 00:23:34,270   INFO  
2023-09-03 00:23:40,872   INFO  Train:    1/80 (  1%) [ 649/928 ( 70%)]  Loss: 0.9294 (1.20)  LR: 3.032e-04  Time cost: 01:31/00:39 [02:22/2:52:28]  Acc_iter 650         Data time: 0.01(0.01)  Forward time: 0.13(0.13)  Batch time: 0.14(0.14)
2023-09-03 00:23:47,444   INFO  Train:    1/80 (  1%) [ 699/928 ( 75%)]  Loss: 0.7391 (1.18)  LR: 3.037e-04  Time cost: 01:37/00:32 [02:28/2:51:33]  Acc_iter 700         Data time: 0.01(0.01)  Forward time: 0.12(0.13)  Batch time: 0.12(0.14)
2023-09-03 00:23:53,970   INFO  Train:    1/80 (  1%) [ 749/928 ( 81%)]  Loss: 0.9207 (1.16)  LR: 3.042e-04  Time cost: 01:44/00:24 [02:35/2:50:39]  Acc_iter 750         Data time: 0.01(0.01)  Forward time: 0.12(0.13)  Batch time: 0.13(0.14)
2023-09-03 00:23:54,098   INFO  
2023-09-03 00:24:00,565   INFO  Train:    1/80 (  1%) [ 799/928 ( 86%)]  Loss: 0.9991 (1.14)  LR: 3.048e-04  Time cost: 01:51/00:17 [02:42/2:49:58]  Acc_iter 800         Data time: 0.01(0.01)  Forward time: 0.13(0.13)  Batch time: 0.14(0.14)
2023-09-03 00:24:07,226   INFO  Train:    1/80 (  1%) [ 849/928 ( 91%)]  Loss: 0.8962 (1.13)  LR: 3.054e-04  Time cost: 01:57/00:10 [02:48/2:49:27]  Acc_iter 850         Data time: 0.01(0.01)  Forward time: 0.12(0.13)  Batch time: 0.13(0.14)
