2023-09-02 23:26:15,172   INFO  **********************Start logging**********************
2023-09-02 23:26:15,172   INFO  CUDA_VISIBLE_DEVICES=ALL
2023-09-02 23:26:15,172   INFO  Training with a single process
2023-09-02 23:26:15,172   INFO  cfg_file         cfgs/waymo_models/pv_rcnn.yaml
2023-09-02 23:26:15,172   INFO  batch_size       3
2023-09-02 23:26:15,172   INFO  epochs           30
2023-09-02 23:26:15,172   INFO  workers          4
2023-09-02 23:26:15,172   INFO  extra_tag        default
2023-09-02 23:26:15,172   INFO  ckpt             ../checkpoint/pv_rcnn_8369.pth
2023-09-02 23:26:15,172   INFO  pretrained_model None
2023-09-02 23:26:15,172   INFO  launcher         none
2023-09-02 23:26:15,172   INFO  tcp_port         18888
2023-09-02 23:26:15,172   INFO  sync_bn          False
2023-09-02 23:26:15,172   INFO  fix_random_seed  False
2023-09-02 23:26:15,172   INFO  ckpt_save_interval 1
2023-09-02 23:26:15,173   INFO  local_rank       0
2023-09-02 23:26:15,173   INFO  max_ckpt_save_num 30
2023-09-02 23:26:15,173   INFO  merge_all_iters_to_one_epoch False
2023-09-02 23:26:15,173   INFO  set_cfgs         None
2023-09-02 23:26:15,173   INFO  max_waiting_mins 0
2023-09-02 23:26:15,173   INFO  start_epoch      0
2023-09-02 23:26:15,173   INFO  num_epochs_to_eval 0
2023-09-02 23:26:15,173   INFO  save_to_file     False
2023-09-02 23:26:15,173   INFO  use_tqdm_to_record False
2023-09-02 23:26:15,173   INFO  logger_iter_interval 50
2023-09-02 23:26:15,173   INFO  ckpt_save_time_interval 300
2023-09-02 23:26:15,173   INFO  wo_gpu_stat      False
2023-09-02 23:26:15,173   INFO  use_amp          False
2023-09-02 23:26:15,173   INFO  cfg.ROOT_DIR: /home/uqjmeng4/new_open/OpenPCDet
2023-09-02 23:26:15,173   INFO  cfg.LOCAL_RANK: 0
2023-09-02 23:26:15,173   INFO  cfg.CLASS_NAMES: ['Vehicle', 'Pedestrian', 'Cyclist']
2023-09-02 23:26:15,173   INFO  ----------- DATA_CONFIG -----------
2023-09-02 23:26:15,173   INFO  cfg.DATA_CONFIG._TEST_CONFIG_: cfgs/dataset_configs/kitti_dataset.yaml
2023-09-02 23:26:15,173   INFO  ----------- MODEL -----------
2023-09-02 23:26:15,173   INFO  cfg.MODEL.NAME: PVRCNN
2023-09-02 23:26:15,173   INFO  ----------- VFE -----------
2023-09-02 23:26:15,173   INFO  cfg.MODEL.VFE.NAME: MeanVFE
2023-09-02 23:26:15,173   INFO  ----------- BACKBONE_3D -----------
2023-09-02 23:26:15,173   INFO  cfg.MODEL.BACKBONE_3D.NAME: VoxelBackBone8x
2023-09-02 23:26:15,173   INFO  ----------- MAP_TO_BEV -----------
2023-09-02 23:26:15,173   INFO  cfg.MODEL.MAP_TO_BEV.NAME: HeightCompression
2023-09-02 23:26:15,173   INFO  cfg.MODEL.MAP_TO_BEV.NUM_BEV_FEATURES: 256
2023-09-02 23:26:15,173   INFO  ----------- BACKBONE_2D -----------
2023-09-02 23:26:15,173   INFO  cfg.MODEL.BACKBONE_2D.NAME: BaseBEVBackbone
2023-09-02 23:26:15,173   INFO  cfg.MODEL.BACKBONE_2D.LAYER_NUMS: [5, 5]
2023-09-02 23:26:15,173   INFO  cfg.MODEL.BACKBONE_2D.LAYER_STRIDES: [1, 2]
2023-09-02 23:26:15,173   INFO  cfg.MODEL.BACKBONE_2D.NUM_FILTERS: [128, 256]
2023-09-02 23:26:15,173   INFO  cfg.MODEL.BACKBONE_2D.UPSAMPLE_STRIDES: [1, 2]
2023-09-02 23:26:15,173   INFO  cfg.MODEL.BACKBONE_2D.NUM_UPSAMPLE_FILTERS: [256, 256]
2023-09-02 23:26:15,173   INFO  ----------- DENSE_HEAD -----------
2023-09-02 23:26:15,173   INFO  cfg.MODEL.DENSE_HEAD.NAME: AnchorHeadSingle
2023-09-02 23:26:15,173   INFO  cfg.MODEL.DENSE_HEAD.CLASS_AGNOSTIC: False
2023-09-02 23:26:15,174   INFO  cfg.MODEL.DENSE_HEAD.USE_DIRECTION_CLASSIFIER: True
2023-09-02 23:26:15,174   INFO  cfg.MODEL.DENSE_HEAD.DIR_OFFSET: 0.78539
2023-09-02 23:26:15,174   INFO  cfg.MODEL.DENSE_HEAD.DIR_LIMIT_OFFSET: 0.0
2023-09-02 23:26:15,174   INFO  cfg.MODEL.DENSE_HEAD.NUM_DIR_BINS: 2
2023-09-02 23:26:15,174   INFO  cfg.MODEL.DENSE_HEAD.ANCHOR_GENERATOR_CONFIG: [{'class_name': 'Vehicle', 'anchor_sizes': [[3.9, 1.6, 1.56]], 'anchor_rotations': [0, 1.57], 'anchor_bottom_heights': [-1.78], 'align_center': False, 'feature_map_stride': 8, 'matched_threshold': 0.6, 'unmatched_threshold': 0.45}, {'class_name': 'Pedestrian', 'anchor_sizes': [[0.8, 0.6, 1.73]], 'anchor_rotations': [0, 1.57], 'anchor_bottom_heights': [-0.6], 'align_center': False, 'feature_map_stride': 8, 'matched_threshold': 0.5, 'unmatched_threshold': 0.35}, {'class_name': 'Cyclist', 'anchor_sizes': [[1.76, 0.6, 1.73]], 'anchor_rotations': [0, 1.57], 'anchor_bottom_heights': [-0.6], 'align_center': False, 'feature_map_stride': 8, 'matched_threshold': 0.5, 'unmatched_threshold': 0.35}]
2023-09-02 23:26:15,174   INFO  ----------- TARGET_ASSIGNER_CONFIG -----------
2023-09-02 23:26:15,174   INFO  cfg.MODEL.DENSE_HEAD.TARGET_ASSIGNER_CONFIG.NAME: AxisAlignedTargetAssigner
2023-09-02 23:26:15,174   INFO  cfg.MODEL.DENSE_HEAD.TARGET_ASSIGNER_CONFIG.POS_FRACTION: -1.0
2023-09-02 23:26:15,174   INFO  cfg.MODEL.DENSE_HEAD.TARGET_ASSIGNER_CONFIG.SAMPLE_SIZE: 512
2023-09-02 23:26:15,174   INFO  cfg.MODEL.DENSE_HEAD.TARGET_ASSIGNER_CONFIG.NORM_BY_NUM_EXAMPLES: False
2023-09-02 23:26:15,174   INFO  cfg.MODEL.DENSE_HEAD.TARGET_ASSIGNER_CONFIG.MATCH_HEIGHT: False
2023-09-02 23:26:15,174   INFO  cfg.MODEL.DENSE_HEAD.TARGET_ASSIGNER_CONFIG.BOX_CODER: ResidualCoder
2023-09-02 23:26:15,174   INFO  ----------- LOSS_CONFIG -----------
2023-09-02 23:26:15,174   INFO  ----------- LOSS_WEIGHTS -----------
2023-09-02 23:26:15,174   INFO  cfg.MODEL.DENSE_HEAD.LOSS_CONFIG.LOSS_WEIGHTS.cls_weight: 1.0
2023-09-02 23:26:15,174   INFO  cfg.MODEL.DENSE_HEAD.LOSS_CONFIG.LOSS_WEIGHTS.loc_weight: 2.0
2023-09-02 23:26:15,174   INFO  cfg.MODEL.DENSE_HEAD.LOSS_CONFIG.LOSS_WEIGHTS.dir_weight: 0.2
2023-09-02 23:26:15,174   INFO  cfg.MODEL.DENSE_HEAD.LOSS_CONFIG.LOSS_WEIGHTS.code_weights: [1.0, 1.0, 1.0, 1.0, 1.0, 1.0, 1.0]
2023-09-02 23:26:15,174   INFO  ----------- PFE -----------
2023-09-02 23:26:15,174   INFO  cfg.MODEL.PFE.NAME: VoxelSetAbstraction
2023-09-02 23:26:15,174   INFO  cfg.MODEL.PFE.POINT_SOURCE: raw_points
2023-09-02 23:26:15,174   INFO  cfg.MODEL.PFE.NUM_KEYPOINTS: 2048
2023-09-02 23:26:15,174   INFO  cfg.MODEL.PFE.NUM_OUTPUT_FEATURES: 128
2023-09-02 23:26:15,174   INFO  cfg.MODEL.PFE.SAMPLE_METHOD: FPS
2023-09-02 23:26:15,174   INFO  cfg.MODEL.PFE.FEATURES_SOURCE: ['bev', 'x_conv1', 'x_conv2', 'x_conv3', 'x_conv4', 'raw_points']
2023-09-02 23:26:15,174   INFO  ----------- SA_LAYER -----------
2023-09-02 23:26:15,174   INFO  ----------- raw_points -----------
2023-09-02 23:26:15,174   INFO  cfg.MODEL.PFE.SA_LAYER.raw_points.MLPS: [[16, 16], [16, 16]]
2023-09-02 23:26:15,174   INFO  cfg.MODEL.PFE.SA_LAYER.raw_points.POOL_RADIUS: [0.4, 0.8]
2023-09-02 23:26:15,174   INFO  cfg.MODEL.PFE.SA_LAYER.raw_points.NSAMPLE: [16, 16]
2023-09-02 23:26:15,174   INFO  ----------- x_conv1 -----------
2023-09-02 23:26:15,174   INFO  cfg.MODEL.PFE.SA_LAYER.x_conv1.DOWNSAMPLE_FACTOR: 1
2023-09-02 23:26:15,174   INFO  cfg.MODEL.PFE.SA_LAYER.x_conv1.MLPS: [[16, 16], [16, 16]]
2023-09-02 23:26:15,174   INFO  cfg.MODEL.PFE.SA_LAYER.x_conv1.POOL_RADIUS: [0.4, 0.8]
2023-09-02 23:26:15,174   INFO  cfg.MODEL.PFE.SA_LAYER.x_conv1.NSAMPLE: [16, 16]
2023-09-02 23:26:15,174   INFO  ----------- x_conv2 -----------
2023-09-02 23:26:15,175   INFO  cfg.MODEL.PFE.SA_LAYER.x_conv2.DOWNSAMPLE_FACTOR: 2
2023-09-02 23:26:15,175   INFO  cfg.MODEL.PFE.SA_LAYER.x_conv2.MLPS: [[32, 32], [32, 32]]
2023-09-02 23:26:15,175   INFO  cfg.MODEL.PFE.SA_LAYER.x_conv2.POOL_RADIUS: [0.8, 1.2]
2023-09-02 23:26:15,175   INFO  cfg.MODEL.PFE.SA_LAYER.x_conv2.NSAMPLE: [16, 32]
2023-09-02 23:26:15,175   INFO  ----------- x_conv3 -----------
2023-09-02 23:26:15,175   INFO  cfg.MODEL.PFE.SA_LAYER.x_conv3.DOWNSAMPLE_FACTOR: 4
2023-09-02 23:26:15,175   INFO  cfg.MODEL.PFE.SA_LAYER.x_conv3.MLPS: [[64, 64], [64, 64]]
2023-09-02 23:26:15,175   INFO  cfg.MODEL.PFE.SA_LAYER.x_conv3.POOL_RADIUS: [1.2, 2.4]
2023-09-02 23:26:15,175   INFO  cfg.MODEL.PFE.SA_LAYER.x_conv3.NSAMPLE: [16, 32]
2023-09-02 23:26:15,175   INFO  ----------- x_conv4 -----------
2023-09-02 23:26:15,175   INFO  cfg.MODEL.PFE.SA_LAYER.x_conv4.DOWNSAMPLE_FACTOR: 8
2023-09-02 23:26:15,175   INFO  cfg.MODEL.PFE.SA_LAYER.x_conv4.MLPS: [[64, 64], [64, 64]]
2023-09-02 23:26:15,175   INFO  cfg.MODEL.PFE.SA_LAYER.x_conv4.POOL_RADIUS: [2.4, 4.8]
2023-09-02 23:26:15,175   INFO  cfg.MODEL.PFE.SA_LAYER.x_conv4.NSAMPLE: [16, 32]
2023-09-02 23:26:15,175   INFO  ----------- POINT_HEAD -----------
2023-09-02 23:26:15,175   INFO  cfg.MODEL.POINT_HEAD.NAME: PointHeadSimple
2023-09-02 23:26:15,175   INFO  cfg.MODEL.POINT_HEAD.CLS_FC: [256, 256]
2023-09-02 23:26:15,175   INFO  cfg.MODEL.POINT_HEAD.CLASS_AGNOSTIC: True
2023-09-02 23:26:15,175   INFO  cfg.MODEL.POINT_HEAD.USE_POINT_FEATURES_BEFORE_FUSION: True
2023-09-02 23:26:15,175   INFO  ----------- TARGET_CONFIG -----------
2023-09-02 23:26:15,175   INFO  cfg.MODEL.POINT_HEAD.TARGET_CONFIG.GT_EXTRA_WIDTH: [0.2, 0.2, 0.2]
2023-09-02 23:26:15,175   INFO  ----------- LOSS_CONFIG -----------
2023-09-02 23:26:15,175   INFO  cfg.MODEL.POINT_HEAD.LOSS_CONFIG.LOSS_REG: smooth-l1
2023-09-02 23:26:15,175   INFO  ----------- LOSS_WEIGHTS -----------
2023-09-02 23:26:15,175   INFO  cfg.MODEL.POINT_HEAD.LOSS_CONFIG.LOSS_WEIGHTS.point_cls_weight: 1.0
2023-09-02 23:26:15,175   INFO  ----------- ROI_HEAD -----------
2023-09-02 23:26:15,175   INFO  cfg.MODEL.ROI_HEAD.NAME: PVRCNNHead
2023-09-02 23:26:15,175   INFO  cfg.MODEL.ROI_HEAD.CLASS_AGNOSTIC: True
2023-09-02 23:26:15,175   INFO  cfg.MODEL.ROI_HEAD.SHARED_FC: [256, 256]
2023-09-02 23:26:15,175   INFO  cfg.MODEL.ROI_HEAD.CLS_FC: [256, 256]
2023-09-02 23:26:15,175   INFO  cfg.MODEL.ROI_HEAD.REG_FC: [256, 256]
2023-09-02 23:26:15,175   INFO  cfg.MODEL.ROI_HEAD.DP_RATIO: 0.3
2023-09-02 23:26:15,175   INFO  ----------- NMS_CONFIG -----------
2023-09-02 23:26:15,175   INFO  ----------- TRAIN -----------
2023-09-02 23:26:15,175   INFO  cfg.MODEL.ROI_HEAD.NMS_CONFIG.TRAIN.NMS_TYPE: nms_gpu
2023-09-02 23:26:15,175   INFO  cfg.MODEL.ROI_HEAD.NMS_CONFIG.TRAIN.MULTI_CLASSES_NMS: False
2023-09-02 23:26:15,175   INFO  cfg.MODEL.ROI_HEAD.NMS_CONFIG.TRAIN.NMS_PRE_MAXSIZE: 9000
2023-09-02 23:26:15,175   INFO  cfg.MODEL.ROI_HEAD.NMS_CONFIG.TRAIN.NMS_POST_MAXSIZE: 512
2023-09-02 23:26:15,176   INFO  cfg.MODEL.ROI_HEAD.NMS_CONFIG.TRAIN.NMS_THRESH: 0.8
2023-09-02 23:26:15,176   INFO  ----------- TEST -----------
2023-09-02 23:26:15,176   INFO  cfg.MODEL.ROI_HEAD.NMS_CONFIG.TEST.NMS_TYPE: nms_gpu
2023-09-02 23:26:15,176   INFO  cfg.MODEL.ROI_HEAD.NMS_CONFIG.TEST.MULTI_CLASSES_NMS: False
2023-09-02 23:26:15,176   INFO  cfg.MODEL.ROI_HEAD.NMS_CONFIG.TEST.NMS_PRE_MAXSIZE: 1024
2023-09-02 23:26:15,176   INFO  cfg.MODEL.ROI_HEAD.NMS_CONFIG.TEST.NMS_POST_MAXSIZE: 100
2023-09-02 23:26:15,176   INFO  cfg.MODEL.ROI_HEAD.NMS_CONFIG.TEST.NMS_THRESH: 0.7
2023-09-02 23:26:15,176   INFO  ----------- ROI_GRID_POOL -----------
2023-09-02 23:26:15,176   INFO  cfg.MODEL.ROI_HEAD.ROI_GRID_POOL.GRID_SIZE: 6
2023-09-02 23:26:15,176   INFO  cfg.MODEL.ROI_HEAD.ROI_GRID_POOL.MLPS: [[64, 64], [64, 64]]
2023-09-02 23:26:15,176   INFO  cfg.MODEL.ROI_HEAD.ROI_GRID_POOL.POOL_RADIUS: [0.8, 1.6]
2023-09-02 23:26:15,176   INFO  cfg.MODEL.ROI_HEAD.ROI_GRID_POOL.NSAMPLE: [16, 16]
2023-09-02 23:26:15,176   INFO  cfg.MODEL.ROI_HEAD.ROI_GRID_POOL.POOL_METHOD: max_pool
2023-09-02 23:26:15,176   INFO  ----------- TARGET_CONFIG -----------
2023-09-02 23:26:15,176   INFO  cfg.MODEL.ROI_HEAD.TARGET_CONFIG.BOX_CODER: ResidualCoder
2023-09-02 23:26:15,176   INFO  cfg.MODEL.ROI_HEAD.TARGET_CONFIG.ROI_PER_IMAGE: 128
2023-09-02 23:26:15,176   INFO  cfg.MODEL.ROI_HEAD.TARGET_CONFIG.FG_RATIO: 0.5
2023-09-02 23:26:15,176   INFO  cfg.MODEL.ROI_HEAD.TARGET_CONFIG.SAMPLE_ROI_BY_EACH_CLASS: True
2023-09-02 23:26:15,176   INFO  cfg.MODEL.ROI_HEAD.TARGET_CONFIG.CLS_SCORE_TYPE: roi_iou
2023-09-02 23:26:15,176   INFO  cfg.MODEL.ROI_HEAD.TARGET_CONFIG.CLS_FG_THRESH: 0.75
2023-09-02 23:26:15,176   INFO  cfg.MODEL.ROI_HEAD.TARGET_CONFIG.CLS_BG_THRESH: 0.25
2023-09-02 23:26:15,176   INFO  cfg.MODEL.ROI_HEAD.TARGET_CONFIG.CLS_BG_THRESH_LO: 0.1
2023-09-02 23:26:15,176   INFO  cfg.MODEL.ROI_HEAD.TARGET_CONFIG.HARD_BG_RATIO: 0.8
2023-09-02 23:26:15,176   INFO  cfg.MODEL.ROI_HEAD.TARGET_CONFIG.REG_FG_THRESH: 0.55
2023-09-02 23:26:15,176   INFO  ----------- LOSS_CONFIG -----------
2023-09-02 23:26:15,176   INFO  cfg.MODEL.ROI_HEAD.LOSS_CONFIG.CLS_LOSS: BinaryCrossEntropy
2023-09-02 23:26:15,176   INFO  cfg.MODEL.ROI_HEAD.LOSS_CONFIG.REG_LOSS: smooth-l1
2023-09-02 23:26:15,176   INFO  cfg.MODEL.ROI_HEAD.LOSS_CONFIG.CORNER_LOSS_REGULARIZATION: True
2023-09-02 23:26:15,176   INFO  ----------- LOSS_WEIGHTS -----------
2023-09-02 23:26:15,176   INFO  cfg.MODEL.ROI_HEAD.LOSS_CONFIG.LOSS_WEIGHTS.rcnn_cls_weight: 1.0
2023-09-02 23:26:15,176   INFO  cfg.MODEL.ROI_HEAD.LOSS_CONFIG.LOSS_WEIGHTS.rcnn_reg_weight: 1.0
2023-09-02 23:26:15,176   INFO  cfg.MODEL.ROI_HEAD.LOSS_CONFIG.LOSS_WEIGHTS.rcnn_corner_weight: 1.0
2023-09-02 23:26:15,176   INFO  cfg.MODEL.ROI_HEAD.LOSS_CONFIG.LOSS_WEIGHTS.code_weights: [1.0, 1.0, 1.0, 1.0, 1.0, 1.0, 1.0]
2023-09-02 23:26:15,176   INFO  ----------- POST_PROCESSING -----------
2023-09-02 23:26:15,176   INFO  cfg.MODEL.POST_PROCESSING.RECALL_THRESH_LIST: [0.3, 0.5, 0.7]
2023-09-02 23:26:15,176   INFO  cfg.MODEL.POST_PROCESSING.SCORE_THRESH: 0.1
2023-09-02 23:26:15,176   INFO  cfg.MODEL.POST_PROCESSING.OUTPUT_RAW_SCORE: False
2023-09-02 23:26:15,177   INFO  cfg.MODEL.POST_PROCESSING.EVAL_METRIC: kitti
2023-09-02 23:26:15,177   INFO  ----------- NMS_CONFIG -----------
2023-09-02 23:26:15,177   INFO  cfg.MODEL.POST_PROCESSING.NMS_CONFIG.MULTI_CLASSES_NMS: False
2023-09-02 23:26:15,177   INFO  cfg.MODEL.POST_PROCESSING.NMS_CONFIG.NMS_TYPE: nms_gpu
2023-09-02 23:26:15,177   INFO  cfg.MODEL.POST_PROCESSING.NMS_CONFIG.NMS_THRESH: 0.1
2023-09-02 23:26:15,177   INFO  cfg.MODEL.POST_PROCESSING.NMS_CONFIG.NMS_PRE_MAXSIZE: 4096
2023-09-02 23:26:15,177   INFO  cfg.MODEL.POST_PROCESSING.NMS_CONFIG.NMS_POST_MAXSIZE: 500
2023-09-02 23:26:15,177   INFO  ----------- OPTIMIZATION -----------
2023-09-02 23:26:15,177   INFO  cfg.OPTIMIZATION.BATCH_SIZE_PER_GPU: 2
2023-09-02 23:26:15,177   INFO  cfg.OPTIMIZATION.NUM_EPOCHS: 30
2023-09-02 23:26:15,177   INFO  cfg.OPTIMIZATION.OPTIMIZER: adam_onecycle
2023-09-02 23:26:15,177   INFO  cfg.OPTIMIZATION.LR: 0.01
2023-09-02 23:26:15,177   INFO  cfg.OPTIMIZATION.WEIGHT_DECAY: 0.001
2023-09-02 23:26:15,177   INFO  cfg.OPTIMIZATION.MOMENTUM: 0.9
2023-09-02 23:26:15,177   INFO  cfg.OPTIMIZATION.MOMS: [0.95, 0.85]
2023-09-02 23:26:15,177   INFO  cfg.OPTIMIZATION.PCT_START: 0.4
2023-09-02 23:26:15,177   INFO  cfg.OPTIMIZATION.DIV_FACTOR: 10
2023-09-02 23:26:15,177   INFO  cfg.OPTIMIZATION.DECAY_STEP_LIST: [35, 45]
2023-09-02 23:26:15,177   INFO  cfg.OPTIMIZATION.LR_DECAY: 0.1
2023-09-02 23:26:15,177   INFO  cfg.OPTIMIZATION.LR_CLIP: 1e-07
2023-09-02 23:26:15,177   INFO  cfg.OPTIMIZATION.LR_WARMUP: False
2023-09-02 23:26:15,177   INFO  cfg.OPTIMIZATION.WARMUP_EPOCH: 1
2023-09-02 23:26:15,177   INFO  cfg.OPTIMIZATION.GRAD_NORM_CLIP: 10
2023-09-02 23:26:15,177   INFO  cfg.TAG: pv_rcnn
2023-09-02 23:26:15,177   INFO  cfg.EXP_GROUP_PATH: waymo_models
2023-09-02 23:26:15,211   INFO  ----------- Create dataloader & network & optimizer -----------
